<?xml version="1.0" encoding="UTF-8"?>
<!-- Generated by org.testng.reporters.JUnitXMLReporter -->
<testsuite ignored="5" hostname="Dell-Latitude" failures="0" tests="1" name="Default test" time="2.942" errors="0" timestamp="2024-08-17T12:38:20 IST">
  <testcase classname="apiTest.EndToEndTest" name="deleteUserDetails" time="2.899"/>
  <testcase classname="apiTest.EndToEndTest" name="getLoginUserToken" time="0.0">
    <ignored/>
  </testcase> <!-- getLoginUserToken -->
  <testcase classname="apiTest.EndToEndTest" name="getRefreshToken" time="0.0">
    <ignored/>
  </testcase> <!-- getRefreshToken -->
  <testcase classname="apiTest.EndToEndTest" name="addUser" time="0.0">
    <ignored/>
  </testcase> <!-- addUser -->
  <testcase classname="apiTest.EndToEndTest" name="updateUserDetails" time="0.0">
    <ignored/>
  </testcase> <!-- updateUserDetails -->
  <testcase classname="apiTest.EndToEndTest" name="getAuthUser" time="0.0">
    <ignored/>
  </testcase> <!-- getAuthUser -->
</testsuite> <!-- Default test -->
