<?xml version="1.0" encoding="UTF-8"?>
<!-- Generated by org.testng.reporters.JUnitXMLReporter -->
<testsuite ignored="3" hostname="Dell-Latitude" failures="0" tests="1" name="Default test" time="3.197" errors="0" timestamp="2024-08-16T10:39:43 IST">
  <testcase classname="apiTest.GetRequestTest" name="getSearchUser" time="3.146"/>
  <testcase classname="apiTest.GetRequestTest" name="getSingleUser" time="0.0">
    <ignored/>
  </testcase> <!-- getSingleUser -->
  <testcase classname="apiTest.GetRequestTest" name="getAllUsers" time="0.0">
    <ignored/>
  </testcase> <!-- getAllUsers -->
  <testcase classname="apiTest.GetRequestTest" name="getAuthUser" time="0.0">
    <ignored/>
  </testcase> <!-- getAuthUser -->
</testsuite> <!-- Default test -->
