<?xml version="1.0" encoding="UTF-8"?>
<!-- Generated by org.testng.reporters.JUnitXMLReporter -->
<testsuite ignored="0" hostname="Dell-Latitude" failures="0" tests="11" name="Test" time="15.86" errors="0" timestamp="2024-08-17T20:41:42 IST">
  <testcase classname="apiTest.EndToEndTest" name="getLoginUserToken" time="6.303"/>
  <testcase classname="apiTest.EndToEndTest" name="getRefreshToken" time="1.26"/>
  <testcase classname="apiTest.EndToEndTest" name="getAuthUser" time="0.95"/>
  <testcase classname="apiTest.EndToEndTest" name="addUser" time="0.92"/>
  <testcase classname="apiTest.EndToEndTest" name="updateUserDetails" time="0.845"/>
  <testcase classname="apiTest.EndToEndTest" name="deleteUserDetails" time="0.907"/>
  <testcase classname="apiTest.GetRequestTest" name="getAllUsers" time="0.965"/>
  <testcase classname="apiTest.GetRequestTest" name="getSearchUser" time="0.949"/>
  <testcase classname="apiTest.GetRequestTest" name="getSingleUser" time="0.849"/>
  <testcase classname="apiTest.PostRequestTest" name="postProducts" time="0.914"/>
  <testcase classname="apiTest.PostRequestTest" name="postUserPost" time="0.802"/>
</testsuite> <!-- Test -->
