<?xml version="1.0" encoding="UTF-8"?>
<!-- Generated by org.testng.reporters.JUnitXMLReporter -->
<testsuite ignored="0" hostname="DESKTOP-5NC6EFS" failures="1" tests="3" name="Test" time="3.451" errors="0" timestamp="2024-08-15T16:02:42 IST">
  <testcase classname="apiTest.GetRequestTest" name="getAllUsers" time="0.115">
    <failure type="java.lang.AssertionError" message="Unexpected error occurred: HTTP method not supported.">
      <![CDATA[java.lang.AssertionError: Unexpected error occurred: HTTP method not supported.
at apiTest.GetRequestTest.getAllUsers(GetRequestTest.java:51)
at java.base/java.util.ArrayList.forEach(ArrayList.java:1511)
... Removed 26 stack frames]]>
    </failure>
  </testcase> <!-- getAllUsers -->
  <testcase classname="apiTest.GetRequestTest" name="getSingleUser" time="3.23"/>
  <testcase classname="apiTest.PostRequestTest" name="LoginUserToken" time="0.003"/>
</testsuite> <!-- Test -->
